mode: set
Bookstore/datastores/Author/authorDb.go:14.34,16.2 1 1
Bookstore/datastores/Author/authorDb.go:18.72,27.16 2 0
Bookstore/datastores/Author/authorDb.go:32.2,35.35 2 0
Bookstore/datastores/Author/authorDb.go:27.16,30.3 2 0
Bookstore/datastores/Author/authorDb.go:38.89,40.31 2 1
Bookstore/datastores/Author/authorDb.go:51.2,51.20 1 1
Bookstore/datastores/Author/authorDb.go:40.31,43.17 2 0
Bookstore/datastores/Author/authorDb.go:48.3,48.21 1 0
Bookstore/datastores/Author/authorDb.go:43.17,46.4 1 0
Bookstore/datastores/Author/authorDb.go:54.58,57.16 2 0
Bookstore/datastores/Author/authorDb.go:61.2,61.19 1 0
Bookstore/datastores/Author/authorDb.go:73.2,74.16 2 0
Bookstore/datastores/Author/authorDb.go:78.2,78.34 1 0
Bookstore/datastores/Author/authorDb.go:57.16,59.3 1 0
Bookstore/datastores/Author/authorDb.go:61.19,64.17 3 0
Bookstore/datastores/Author/authorDb.go:67.3,68.17 2 0
Bookstore/datastores/Author/authorDb.go:64.17,66.4 1 0
Bookstore/datastores/Author/authorDb.go:68.17,70.4 1 0
Bookstore/datastores/Author/authorDb.go:74.16,76.3 1 0
