mode: set
Bookstore/datastores/book/bookDb.go:16.32,18.2 1 1
Bookstore/datastores/book/bookDb.go:20.85,29.16 3 0
Bookstore/datastores/book/bookDb.go:33.2,34.18 2 0
Bookstore/datastores/book/bookDb.go:53.2,53.19 1 0
Bookstore/datastores/book/bookDb.go:29.16,32.3 2 0
Bookstore/datastores/book/bookDb.go:34.18,37.17 3 0
Bookstore/datastores/book/bookDb.go:42.3,45.17 4 0
Bookstore/datastores/book/bookDb.go:50.3,50.30 1 0
Bookstore/datastores/book/bookDb.go:37.17,39.4 1 0
Bookstore/datastores/book/bookDb.go:45.17,48.4 1 0
Bookstore/datastores/book/bookDb.go:56.60,61.16 4 1
Bookstore/datastores/book/bookDb.go:64.2,66.16 3 0
Bookstore/datastores/book/bookDb.go:72.2,72.30 1 0
Bookstore/datastores/book/bookDb.go:61.16,63.3 1 1
Bookstore/datastores/book/bookDb.go:66.16,69.3 2 0
Bookstore/datastores/book/bookDb.go:75.66,78.16 2 1
Bookstore/datastores/book/bookDb.go:83.2,84.20 2 1
Bookstore/datastores/book/bookDb.go:103.2,103.35 1 0
Bookstore/datastores/book/bookDb.go:111.2,111.32 1 0
Bookstore/datastores/book/bookDb.go:78.16,81.3 2 0
Bookstore/datastores/book/bookDb.go:84.20,86.17 2 0
Bookstore/datastores/book/bookDb.go:86.17,89.4 2 0
Bookstore/datastores/book/bookDb.go:90.8,93.17 2 1
Bookstore/datastores/book/bookDb.go:97.3,97.17 1 0
Bookstore/datastores/book/bookDb.go:93.17,95.4 1 1
Bookstore/datastores/book/bookDb.go:97.17,99.4 1 0
Bookstore/datastores/book/bookDb.go:103.35,106.17 2 0
Bookstore/datastores/book/bookDb.go:106.17,109.4 2 0
Bookstore/datastores/book/bookDb.go:114.81,116.16 2 0
Bookstore/datastores/book/bookDb.go:122.2,122.21 1 0
Bookstore/datastores/book/bookDb.go:127.2,128.16 2 0
Bookstore/datastores/book/bookDb.go:131.2,131.21 1 0
Bookstore/datastores/book/bookDb.go:137.2,139.16 2 0
Bookstore/datastores/book/bookDb.go:144.2,144.18 1 0
Bookstore/datastores/book/bookDb.go:116.16,120.3 2 0
Bookstore/datastores/book/bookDb.go:122.21,125.3 2 0
Bookstore/datastores/book/bookDb.go:128.16,130.3 1 0
Bookstore/datastores/book/bookDb.go:131.21,135.3 2 0
Bookstore/datastores/book/bookDb.go:139.16,142.3 1 0
Bookstore/datastores/book/bookDb.go:147.54,150.16 2 1
Bookstore/datastores/book/bookDb.go:154.2,154.34 1 1
Bookstore/datastores/book/bookDb.go:150.16,152.3 1 0
Bookstore/datastores/book/bookDb.go:157.70,160.31 2 0
Bookstore/datastores/book/bookDb.go:163.2,163.13 1 0
Bookstore/datastores/book/bookDb.go:160.31,162.3 1 0
